{"/Users/damira/Documents/react-tests-context-cross-check/rsschool-react/src/App.tsx": {"path":"/Users/damira/Documents/react-tests-context-cross-check/rsschool-react/src/App.tsx","statementMap":{"0":{"start":{"line":1,"column":0},"end":{"line":1,"column":40}},"1":{"start":{"line":2,"column":0},"end":{"line":2,"column":43}},"2":{"start":{"line":3,"column":0},"end":{"line":3,"column":27}},"3":{"start":{"line":5,"column":12},"end":{"line":11,"column":1}},"4":{"start":{"line":6,"column":2},"end":{"line":10,"column":4}},"5":{"start":{"line":13,"column":0},"end":{"line":13,"column":19}}},"fnMap":{"0":{"name":"(anonymous_1)","decl":{"start":{"line":5,"column":12},"end":{"line":5,"column":15}},"loc":{"start":{"line":5,"column":17},"end":{"line":11,"column":1}}}},"branchMap":{},"s":{"0":0,"1":0,"2":0,"3":0,"4":0,"5":0},"f":{"0":0},"b":{}}
,"/Users/damira/Documents/react-tests-context-cross-check/rsschool-react/src/main.tsx": {"path":"/Users/damira/Documents/react-tests-context-cross-check/rsschool-react/src/main.tsx","statementMap":{"0":{"start":{"line":1,"column":0},"end":{"line":1,"column":26}},"1":{"start":{"line":2,"column":0},"end":{"line":2,"column":40}},"2":{"start":{"line":3,"column":0},"end":{"line":3,"column":50}},"3":{"start":{"line":4,"column":0},"end":{"line":4,"column":30}},"4":{"start":{"line":5,"column":0},"end":{"line":5,"column":22}},"5":{"start":{"line":7,"column":0},"end":{"line":11,"column":2}}},"fnMap":{},"branchMap":{},"s":{"0":0,"1":0,"2":0,"3":0,"4":0,"5":0},"f":{},"b":{}}
,"/Users/damira/Documents/react-tests-context-cross-check/rsschool-react/src/vite-env.d.ts": {"path":"/Users/damira/Documents/react-tests-context-cross-check/rsschool-react/src/vite-env.d.ts","statementMap":{},"fnMap":{},"branchMap":{},"s":{},"f":{},"b":{}}
,"/Users/damira/Documents/react-tests-context-cross-check/rsschool-react/src/components/CloseButton/index.tsx": {"path":"/Users/damira/Documents/react-tests-context-cross-check/rsschool-react/src/components/CloseButton/index.tsx","statementMap":{"0":{"start":{"line":1,"column":0},"end":{"line":1,"column":60}},"1":{"start":{"line":2,"column":0},"end":{"line":2,"column":52}},"2":{"start":{"line":3,"column":0},"end":{"line":3,"column":45}},"3":{"start":{"line":4,"column":0},"end":{"line":4,"column":47}},"4":{"start":{"line":6,"column":20},"end":{"line":22,"column":1}},"5":{"start":{"line":7,"column":19},"end":{"line":7,"column":32}},"6":{"start":{"line":8,"column":19},"end":{"line":8,"column":32}},"7":{"start":{"line":9,"column":21},"end":{"line":9,"column":29}},"8":{"start":{"line":11,"column":22},"end":{"line":13,"column":3}},"9":{"start":{"line":12,"column":4},"end":{"line":12,"column":41}},"10":{"start":{"line":15,"column":2},"end":{"line":21,"column":4}},"11":{"start":{"line":24,"column":0},"end":{"line":24,"column":27}}},"fnMap":{"0":{"name":"(anonymous_1)","decl":{"start":{"line":6,"column":20},"end":{"line":6,"column":23}},"loc":{"start":{"line":6,"column":25},"end":{"line":22,"column":1}}},"1":{"name":"(anonymous_2)","decl":{"start":{"line":11,"column":22},"end":{"line":11,"column":25}},"loc":{"start":{"line":11,"column":27},"end":{"line":13,"column":3}}}},"branchMap":{},"s":{"0":1,"1":1,"2":1,"3":1,"4":1,"5":1,"6":1,"7":1,"8":1,"9":1,"10":1,"11":1},"f":{"0":1,"1":1},"b":{}}
,"/Users/damira/Documents/react-tests-context-cross-check/rsschool-react/src/components/Details/index.tsx": {"path":"/Users/damira/Documents/react-tests-context-cross-check/rsschool-react/src/components/Details/index.tsx","statementMap":{"0":{"start":{"line":1,"column":0},"end":{"line":1,"column":44}},"1":{"start":{"line":2,"column":0},"end":{"line":2,"column":63}},"2":{"start":{"line":3,"column":0},"end":{"line":3,"column":45}},"3":{"start":{"line":4,"column":0},"end":{"line":4,"column":31}},"4":{"start":{"line":5,"column":0},"end":{"line":5,"column":43}},"5":{"start":{"line":13,"column":16},"end":{"line":63,"column":1}},"6":{"start":{"line":14,"column":17},"end":{"line":14,"column":28}},"7":{"start":{"line":15,"column":40},"end":{"line":15,"column":74}},"8":{"start":{"line":16,"column":36},"end":{"line":16,"column":50}},"9":{"start":{"line":18,"column":27},"end":{"line":31,"column":3}},"10":{"start":{"line":19,"column":4},"end":{"line":19,"column":23}},"11":{"start":{"line":20,"column":4},"end":{"line":20,"column":20}},"12":{"start":{"line":20,"column":13},"end":{"line":20,"column":20}},"13":{"start":{"line":22,"column":4},"end":{"line":30,"column":null}},"14":{"start":{"line":23,"column":32},"end":{"line":23,"column":60}},"15":{"start":{"line":24,"column":6},"end":{"line":24,"column":27}},"16":{"start":{"line":26,"column":6},"end":{"line":26,"column":27}},"17":{"start":{"line":27,"column":6},"end":{"line":27,"column":27}},"18":{"start":{"line":29,"column":6},"end":{"line":29,"column":26}},"19":{"start":{"line":33,"column":2},"end":{"line":35,"column":11}},"20":{"start":{"line":34,"column":4},"end":{"line":34,"column":23}},"21":{"start":{"line":37,"column":2},"end":{"line":39,"column":null}},"22":{"start":{"line":38,"column":4},"end":{"line":38,"column":22}},"23":{"start":{"line":41,"column":2},"end":{"line":62,"column":4}},"24":{"start":{"line":46,"column":49},"end":{"line":46,"column":60}},"25":{"start":{"line":51,"column":14},"end":{"line":56,"column":16}},"26":{"start":{"line":65,"column":0},"end":{"line":65,"column":23}}},"fnMap":{"0":{"name":"(anonymous_1)","decl":{"start":{"line":13,"column":16},"end":{"line":13,"column":19}},"loc":{"start":{"line":13,"column":21},"end":{"line":63,"column":1}}},"1":{"name":"(anonymous_2)","decl":{"start":{"line":18,"column":27},"end":{"line":18,"column":32}},"loc":{"start":{"line":18,"column":38},"end":{"line":31,"column":3}}},"2":{"name":"(anonymous_3)","decl":{"start":{"line":33,"column":12},"end":{"line":33,"column":15}},"loc":{"start":{"line":33,"column":17},"end":{"line":35,"column":3}}},"3":{"name":"(anonymous_4)","decl":{"start":{"line":46,"column":37},"end":{"line":46,"column":38}},"loc":{"start":{"line":46,"column":49},"end":{"line":46,"column":60}}},"4":{"name":"(anonymous_5)","decl":{"start":{"line":50,"column":39},"end":{"line":50,"column":40}},"loc":{"start":{"line":50,"column":56},"end":{"line":57,"column":13}}}},"branchMap":{"0":{"loc":{"start":{"line":20,"column":4},"end":{"line":20,"column":20}},"type":"if","locations":[{"start":{"line":20,"column":4},"end":{"line":20,"column":20}}]},"1":{"loc":{"start":{"line":37,"column":2},"end":{"line":39,"column":null}},"type":"if","locations":[{"start":{"line":37,"column":2},"end":{"line":39,"column":null}}]},"2":{"loc":{"start":{"line":43,"column":7},"end":{"line":59,"column":null}},"type":"binary-expr","locations":[{"start":{"line":43,"column":7},"end":{"line":43,"column":18}},{"start":{"line":44,"column":8},"end":{"line":58,"column":null}}]}},"s":{"0":0,"1":0,"2":0,"3":0,"4":0,"5":0,"6":0,"7":0,"8":0,"9":0,"10":0,"11":0,"12":0,"13":0,"14":0,"15":0,"16":0,"17":0,"18":0,"19":0,"20":0,"21":0,"22":0,"23":0,"24":0,"25":0,"26":0},"f":{"0":0,"1":0,"2":0,"3":0,"4":0},"b":{"0":[0],"1":[0],"2":[0,0]}}
,"/Users/damira/Documents/react-tests-context-cross-check/rsschool-react/src/components/Dropdown/index.tsx": {"path":"/Users/damira/Documents/react-tests-context-cross-check/rsschool-react/src/components/Dropdown/index.tsx","statementMap":{"0":{"start":{"line":1,"column":0},"end":{"line":1,"column":33}},"1":{"start":{"line":2,"column":0},"end":{"line":2,"column":36}},"2":{"start":{"line":3,"column":0},"end":{"line":3,"column":46}},"3":{"start":{"line":4,"column":0},"end":{"line":4,"column":67}},"4":{"start":{"line":5,"column":0},"end":{"line":5,"column":55}},"5":{"start":{"line":6,"column":0},"end":{"line":6,"column":44}},"6":{"start":{"line":8,"column":33},"end":{"line":8,"column":50}},"7":{"start":{"line":10,"column":17},"end":{"line":55,"column":1}},"8":{"start":{"line":11,"column":30},"end":{"line":11,"column":45}},"9":{"start":{"line":12,"column":22},"end":{"line":12,"column":27}},"10":{"start":{"line":13,"column":30},"end":{"line":13,"column":45}},"11":{"start":{"line":14,"column":34},"end":{"line":14,"column":58}},"12":{"start":{"line":15,"column":42},"end":{"line":15,"column":59}},"13":{"start":{"line":16,"column":21},"end":{"line":16,"column":45}},"14":{"start":{"line":16,"column":27},"end":{"line":16,"column":45}},"15":{"start":{"line":18,"column":26},"end":{"line":23,"column":3}},"16":{"start":{"line":19,"column":4},"end":{"line":19,"column":31}},"17":{"start":{"line":20,"column":4},"end":{"line":20,"column":27}},"18":{"start":{"line":21,"column":4},"end":{"line":21,"column":32}},"19":{"start":{"line":22,"column":4},"end":{"line":22,"column":51}},"20":{"start":{"line":25,"column":33},"end":{"line":28,"column":4}},"21":{"start":{"line":30,"column":33},"end":{"line":33,"column":6}},"22":{"start":{"line":31,"column":4},"end":{"line":33,"column":6}},"23":{"start":{"line":35,"column":2},"end":{"line":54,"column":4}},"24":{"start":{"line":41,"column":12},"end":{"line":49,"column":14}},"25":{"start":{"line":44,"column":31},"end":{"line":44,"column":53}},"26":{"start":{"line":57,"column":0},"end":{"line":57,"column":24}}},"fnMap":{"0":{"name":"(anonymous_1)","decl":{"start":{"line":10,"column":17},"end":{"line":10,"column":20}},"loc":{"start":{"line":10,"column":22},"end":{"line":55,"column":1}}},"1":{"name":"(anonymous_2)","decl":{"start":{"line":16,"column":21},"end":{"line":16,"column":24}},"loc":{"start":{"line":16,"column":27},"end":{"line":16,"column":45}}},"2":{"name":"(anonymous_3)","decl":{"start":{"line":18,"column":26},"end":{"line":18,"column":27}},"loc":{"start":{"line":18,"column":44},"end":{"line":23,"column":3}}},"3":{"name":"(anonymous_4)","decl":{"start":{"line":30,"column":33},"end":{"line":30,"column":34}},"loc":{"start":{"line":31,"column":4},"end":{"line":33,"column":6}}},"4":{"name":"(anonymous_5)","decl":{"start":{"line":40,"column":30},"end":{"line":40,"column":31}},"loc":{"start":{"line":40,"column":47},"end":{"line":50,"column":11}}},"5":{"name":"(anonymous_6)","decl":{"start":{"line":44,"column":25},"end":{"line":44,"column":28}},"loc":{"start":{"line":44,"column":31},"end":{"line":44,"column":53}}}},"branchMap":{"0":{"loc":{"start":{"line":38,"column":7},"end":{"line":51,"column":null}},"type":"binary-expr","locations":[{"start":{"line":38,"column":7},"end":{"line":38,"column":13}},{"start":{"line":39,"column":8},"end":{"line":50,"column":null}}]}},"s":{"0":0,"1":0,"2":0,"3":0,"4":0,"5":0,"6":0,"7":0,"8":0,"9":0,"10":0,"11":0,"12":0,"13":0,"14":0,"15":0,"16":0,"17":0,"18":0,"19":0,"20":0,"21":0,"22":0,"23":0,"24":0,"25":0,"26":0},"f":{"0":0,"1":0,"2":0,"3":0,"4":0,"5":0},"b":{"0":[0,0]}}
,"/Users/damira/Documents/react-tests-context-cross-check/rsschool-react/src/components/EmptyState/index.tsx": {"path":"/Users/damira/Documents/react-tests-context-cross-check/rsschool-react/src/components/EmptyState/index.tsx","statementMap":{"0":{"start":{"line":1,"column":0},"end":{"line":1,"column":46}},"1":{"start":{"line":3,"column":19},"end":{"line":9,"column":1}},"2":{"start":{"line":4,"column":2},"end":{"line":8,"column":4}},"3":{"start":{"line":11,"column":0},"end":{"line":11,"column":26}}},"fnMap":{"0":{"name":"(anonymous_1)","decl":{"start":{"line":3,"column":19},"end":{"line":3,"column":22}},"loc":{"start":{"line":3,"column":24},"end":{"line":9,"column":1}}}},"branchMap":{},"s":{"0":0,"1":0,"2":0,"3":0},"f":{"0":0},"b":{}}
,"/Users/damira/Documents/react-tests-context-cross-check/rsschool-react/src/components/ErrorBoundary/index.tsx": {"path":"/Users/damira/Documents/react-tests-context-cross-check/rsschool-react/src/components/ErrorBoundary/index.tsx","statementMap":{"0":{"start":{"line":1,"column":0},"end":{"line":1,"column":34}},"1":{"start":{"line":4,"column":0},"end":{"line":4,"column":49}},"2":{"start":{"line":11,"column":2},"end":{"line":13,"column":null}},"3":{"start":{"line":16,"column":4},"end":{"line":16,"column":38}},"4":{"start":{"line":17,"column":4},"end":{"line":17,"column":36}},"5":{"start":{"line":21,"column":4},"end":{"line":27,"column":null}},"6":{"start":{"line":22,"column":6},"end":{"line":26,"column":8}},"7":{"start":{"line":29,"column":4},"end":{"line":29,"column":31}},"8":{"start":{"line":33,"column":0},"end":{"line":33,"column":29}}},"fnMap":{"0":{"name":"(anonymous_1)","decl":{"start":{"line":10,"column":0},"end":{"line":10,"column":6}},"loc":{"start":{"line":10,"column":0},"end":{"line":31,"column":1}}},"1":{"name":"(anonymous_2)","decl":{"start":{"line":15,"column":2},"end":{"line":15,"column":19}},"loc":{"start":{"line":15,"column":54},"end":{"line":18,"column":3}}},"2":{"name":"(anonymous_3)","decl":{"start":{"line":20,"column":2},"end":{"line":20,"column":8}},"loc":{"start":{"line":20,"column":8},"end":{"line":30,"column":3}}}},"branchMap":{"0":{"loc":{"start":{"line":21,"column":4},"end":{"line":27,"column":null}},"type":"if","locations":[{"start":{"line":21,"column":4},"end":{"line":27,"column":null}}]}},"s":{"0":0,"1":0,"2":0,"3":0,"4":0,"5":0,"6":0,"7":0,"8":0},"f":{"0":0,"1":0,"2":0},"b":{"0":[0]}}
,"/Users/damira/Documents/react-tests-context-cross-check/rsschool-react/src/components/ErrorBoundaryLayout/index.tsx": {"path":"/Users/damira/Documents/react-tests-context-cross-check/rsschool-react/src/components/ErrorBoundaryLayout/index.tsx","statementMap":{"0":{"start":{"line":1,"column":0},"end":{"line":1,"column":42}},"1":{"start":{"line":2,"column":0},"end":{"line":2,"column":45}},"2":{"start":{"line":4,"column":28},"end":{"line":7,"column":null}},"3":{"start":{"line":5,"column":2},"end":{"line":6,"column":null}},"4":{"start":{"line":10,"column":0},"end":{"line":10,"column":35}}},"fnMap":{"0":{"name":"(anonymous_1)","decl":{"start":{"line":4,"column":28},"end":{"line":4,"column":31}},"loc":{"start":{"line":5,"column":2},"end":{"line":6,"column":null}}}},"branchMap":{},"s":{"0":0,"1":0,"2":0,"3":0,"4":0},"f":{"0":0},"b":{}}
,"/Users/damira/Documents/react-tests-context-cross-check/rsschool-react/src/components/ErrorButton/index.tsx": {"path":"/Users/damira/Documents/react-tests-context-cross-check/rsschool-react/src/components/ErrorButton/index.tsx","statementMap":{"0":{"start":{"line":1,"column":0},"end":{"line":1,"column":44}},"1":{"start":{"line":2,"column":0},"end":{"line":2,"column":47}},"2":{"start":{"line":4,"column":20},"end":{"line":32,"column":1}},"3":{"start":{"line":5,"column":28},"end":{"line":5,"column":56}},"4":{"start":{"line":7,"column":25},"end":{"line":9,"column":3}},"5":{"start":{"line":8,"column":4},"end":{"line":8,"column":44}},"6":{"start":{"line":11,"column":22},"end":{"line":19,"column":3}},"7":{"start":{"line":12,"column":4},"end":{"line":18,"column":null}},"8":{"start":{"line":13,"column":6},"end":{"line":13,"column":23}},"9":{"start":{"line":15,"column":6},"end":{"line":17,"column":null}},"10":{"start":{"line":16,"column":8},"end":{"line":16,"column":24}},"11":{"start":{"line":21,"column":2},"end":{"line":25,"column":14}},"12":{"start":{"line":22,"column":4},"end":{"line":24,"column":null}},"13":{"start":{"line":23,"column":6},"end":{"line":23,"column":18}},"14":{"start":{"line":27,"column":2},"end":{"line":31,"column":4}},"15":{"start":{"line":34,"column":0},"end":{"line":34,"column":27}}},"fnMap":{"0":{"name":"(anonymous_1)","decl":{"start":{"line":4,"column":20},"end":{"line":4,"column":23}},"loc":{"start":{"line":4,"column":25},"end":{"line":32,"column":1}}},"1":{"name":"(anonymous_2)","decl":{"start":{"line":7,"column":25},"end":{"line":7,"column":28}},"loc":{"start":{"line":7,"column":30},"end":{"line":9,"column":3}}},"2":{"name":"(anonymous_3)","decl":{"start":{"line":11,"column":22},"end":{"line":11,"column":25}},"loc":{"start":{"line":11,"column":27},"end":{"line":19,"column":3}}},"3":{"name":"(anonymous_4)","decl":{"start":{"line":21,"column":12},"end":{"line":21,"column":15}},"loc":{"start":{"line":21,"column":17},"end":{"line":25,"column":3}}}},"branchMap":{"0":{"loc":{"start":{"line":15,"column":6},"end":{"line":17,"column":null}},"type":"if","locations":[{"start":{"line":15,"column":6},"end":{"line":17,"column":null}}]},"1":{"loc":{"start":{"line":22,"column":4},"end":{"line":24,"column":null}},"type":"if","locations":[{"start":{"line":22,"column":4},"end":{"line":24,"column":null}}]}},"s":{"0":0,"1":0,"2":0,"3":0,"4":0,"5":0,"6":0,"7":0,"8":0,"9":0,"10":0,"11":0,"12":0,"13":0,"14":0,"15":0},"f":{"0":0,"1":0,"2":0,"3":0},"b":{"0":[0],"1":[0]}}
,"/Users/damira/Documents/react-tests-context-cross-check/rsschool-react/src/components/Header/index.tsx": {"path":"/Users/damira/Documents/react-tests-context-cross-check/rsschool-react/src/components/Header/index.tsx","statementMap":{"0":{"start":{"line":1,"column":0},"end":{"line":1,"column":33}},"1":{"start":{"line":2,"column":0},"end":{"line":2,"column":41}},"2":{"start":{"line":3,"column":0},"end":{"line":3,"column":37}},"3":{"start":{"line":4,"column":0},"end":{"line":4,"column":27}},"4":{"start":{"line":5,"column":0},"end":{"line":5,"column":42}},"5":{"start":{"line":7,"column":15},"end":{"line":19,"column":1}},"6":{"start":{"line":8,"column":2},"end":{"line":18,"column":4}},"7":{"start":{"line":21,"column":0},"end":{"line":21,"column":22}}},"fnMap":{"0":{"name":"(anonymous_1)","decl":{"start":{"line":7,"column":15},"end":{"line":7,"column":18}},"loc":{"start":{"line":7,"column":20},"end":{"line":19,"column":1}}}},"branchMap":{},"s":{"0":0,"1":0,"2":0,"3":0,"4":0,"5":0,"6":0,"7":0},"f":{"0":0},"b":{}}
,"/Users/damira/Documents/react-tests-context-cross-check/rsschool-react/src/components/Loader/index.tsx": {"path":"/Users/damira/Documents/react-tests-context-cross-check/rsschool-react/src/components/Loader/index.tsx","statementMap":{"0":{"start":{"line":1,"column":0},"end":{"line":1,"column":42}},"1":{"start":{"line":3,"column":15},"end":{"line":9,"column":1}},"2":{"start":{"line":4,"column":2},"end":{"line":8,"column":4}},"3":{"start":{"line":11,"column":0},"end":{"line":11,"column":22}}},"fnMap":{"0":{"name":"(anonymous_1)","decl":{"start":{"line":3,"column":15},"end":{"line":3,"column":18}},"loc":{"start":{"line":3,"column":20},"end":{"line":9,"column":1}}}},"branchMap":{},"s":{"0":0,"1":0,"2":0,"3":0},"f":{"0":0},"b":{}}
,"/Users/damira/Documents/react-tests-context-cross-check/rsschool-react/src/components/Logo/index.tsx": {"path":"/Users/damira/Documents/react-tests-context-cross-check/rsschool-react/src/components/Logo/index.tsx","statementMap":{"0":{"start":{"line":1,"column":0},"end":{"line":1,"column":46}},"1":{"start":{"line":2,"column":0},"end":{"line":2,"column":40}},"2":{"start":{"line":4,"column":13},"end":{"line":11,"column":1}},"3":{"start":{"line":5,"column":2},"end":{"line":10,"column":4}},"4":{"start":{"line":13,"column":0},"end":{"line":13,"column":20}}},"fnMap":{"0":{"name":"(anonymous_1)","decl":{"start":{"line":4,"column":13},"end":{"line":4,"column":16}},"loc":{"start":{"line":4,"column":18},"end":{"line":11,"column":1}}}},"branchMap":{},"s":{"0":0,"1":0,"2":0,"3":0,"4":0},"f":{"0":0},"b":{}}
,"/Users/damira/Documents/react-tests-context-cross-check/rsschool-react/src/components/Main/index.tsx": {"path":"/Users/damira/Documents/react-tests-context-cross-check/rsschool-react/src/components/Main/index.tsx","statementMap":{"0":{"start":{"line":1,"column":0},"end":{"line":1,"column":34}},"1":{"start":{"line":2,"column":0},"end":{"line":2,"column":79}},"2":{"start":{"line":3,"column":0},"end":{"line":3,"column":36}},"3":{"start":{"line":4,"column":0},"end":{"line":4,"column":33}},"4":{"start":{"line":5,"column":0},"end":{"line":5,"column":31}},"5":{"start":{"line":6,"column":0},"end":{"line":6,"column":43}},"6":{"start":{"line":7,"column":0},"end":{"line":7,"column":39}},"7":{"start":{"line":8,"column":0},"end":{"line":8,"column":35}},"8":{"start":{"line":9,"column":0},"end":{"line":9,"column":41}},"9":{"start":{"line":10,"column":0},"end":{"line":10,"column":45}},"10":{"start":{"line":11,"column":0},"end":{"line":11,"column":46}},"11":{"start":{"line":12,"column":0},"end":{"line":12,"column":56}},"12":{"start":{"line":13,"column":0},"end":{"line":13,"column":50}},"13":{"start":{"line":14,"column":0},"end":{"line":14,"column":40}},"14":{"start":{"line":16,"column":13},"end":{"line":68,"column":1}},"15":{"start":{"line":17,"column":30},"end":{"line":17,"column":45}},"16":{"start":{"line":18,"column":32},"end":{"line":18,"column":37}},"17":{"start":{"line":19,"column":17},"end":{"line":19,"column":28}},"18":{"start":{"line":20,"column":19},"end":{"line":20,"column":32}},"19":{"start":{"line":21,"column":19},"end":{"line":21,"column":32}},"20":{"start":{"line":22,"column":21},"end":{"line":22,"column":29}},"21":{"start":{"line":24,"column":2},"end":{"line":29,"column":19}},"22":{"start":{"line":25,"column":4},"end":{"line":25,"column":72}},"23":{"start":{"line":26,"column":4},"end":{"line":28,"column":null}},"24":{"start":{"line":27,"column":6},"end":{"line":27,"column":33}},"25":{"start":{"line":31,"column":33},"end":{"line":36,"column":3}},"26":{"start":{"line":32,"column":4},"end":{"line":35,"column":null}},"27":{"start":{"line":33,"column":6},"end":{"line":33,"column":33}},"28":{"start":{"line":34,"column":6},"end":{"line":34,"column":43}},"29":{"start":{"line":38,"column":30},"end":{"line":40,"column":4}},"30":{"start":{"line":42,"column":2},"end":{"line":67,"column":4}},"31":{"start":{"line":70,"column":0},"end":{"line":70,"column":20}}},"fnMap":{"0":{"name":"(anonymous_1)","decl":{"start":{"line":16,"column":13},"end":{"line":16,"column":16}},"loc":{"start":{"line":16,"column":18},"end":{"line":68,"column":1}}},"1":{"name":"(anonymous_2)","decl":{"start":{"line":24,"column":12},"end":{"line":24,"column":15}},"loc":{"start":{"line":24,"column":17},"end":{"line":29,"column":3}}},"2":{"name":"(anonymous_3)","decl":{"start":{"line":31,"column":33},"end":{"line":31,"column":36}},"loc":{"start":{"line":31,"column":38},"end":{"line":36,"column":3}}}},"branchMap":{"0":{"loc":{"start":{"line":26,"column":4},"end":{"line":28,"column":null}},"type":"if","locations":[{"start":{"line":26,"column":4},"end":{"line":28,"column":null}}]},"1":{"loc":{"start":{"line":32,"column":4},"end":{"line":35,"column":null}},"type":"if","locations":[{"start":{"line":32,"column":4},"end":{"line":35,"column":null}}]},"2":{"loc":{"start":{"line":51,"column":13},"end":{"line":57,"column":null}},"type":"cond-expr","locations":[{"start":{"line":52,"column":14},"end":{"line":52,"column":24}},{"start":{"line":54,"column":14},"end":{"line":56,"column":null}}]}},"s":{"0":0,"1":0,"2":0,"3":0,"4":0,"5":0,"6":0,"7":0,"8":0,"9":0,"10":0,"11":0,"12":0,"13":0,"14":0,"15":0,"16":0,"17":0,"18":0,"19":0,"20":0,"21":0,"22":0,"23":0,"24":0,"25":0,"26":0,"27":0,"28":0,"29":0,"30":0,"31":0},"f":{"0":0,"1":0,"2":0},"b":{"0":[0],"1":[0],"2":[0,0]}}
,"/Users/damira/Documents/react-tests-context-cross-check/rsschool-react/src/components/Pagination/index.tsx": {"path":"/Users/damira/Documents/react-tests-context-cross-check/rsschool-react/src/components/Pagination/index.tsx","statementMap":{"0":{"start":{"line":1,"column":0},"end":{"line":1,"column":36}},"1":{"start":{"line":2,"column":0},"end":{"line":2,"column":46}},"2":{"start":{"line":3,"column":0},"end":{"line":3,"column":80}},"3":{"start":{"line":4,"column":0},"end":{"line":4,"column":55}},"4":{"start":{"line":5,"column":0},"end":{"line":5,"column":46}},"5":{"start":{"line":7,"column":19},"end":{"line":89,"column":1}},"6":{"start":{"line":8,"column":30},"end":{"line":8,"column":45}},"7":{"start":{"line":9,"column":49},"end":{"line":9,"column":54}},"8":{"start":{"line":10,"column":19},"end":{"line":10,"column":67}},"9":{"start":{"line":12,"column":21},"end":{"line":14,"column":3}},"10":{"start":{"line":13,"column":4},"end":{"line":13,"column":46}},"11":{"start":{"line":16,"column":21},"end":{"line":20,"column":3}},"12":{"start":{"line":17,"column":4},"end":{"line":19,"column":null}},"13":{"start":{"line":18,"column":6},"end":{"line":18,"column":48}},"14":{"start":{"line":22,"column":22},"end":{"line":26,"column":3}},"15":{"start":{"line":23,"column":4},"end":{"line":25,"column":null}},"16":{"start":{"line":24,"column":6},"end":{"line":24,"column":37}},"17":{"start":{"line":28,"column":31},"end":{"line":34,"column":3}},"18":{"start":{"line":29,"column":4},"end":{"line":33,"column":null}},"19":{"start":{"line":30,"column":6},"end":{"line":32,"column":9}},"20":{"start":{"line":36,"column":31},"end":{"line":36,"column":61}},"21":{"start":{"line":37,"column":31},"end":{"line":37,"column":70}},"22":{"start":{"line":39,"column":31},"end":{"line":41,"column":4}},"23":{"start":{"line":43,"column":31},"end":{"line":45,"column":4}},"24":{"start":{"line":47,"column":2},"end":{"line":88,"column":4}},"25":{"start":{"line":61,"column":10},"end":{"line":74,"column":12}},"26":{"start":{"line":66,"column":18},"end":{"line":66,"column":38}},"27":{"start":{"line":91,"column":0},"end":{"line":91,"column":26}}},"fnMap":{"0":{"name":"(anonymous_1)","decl":{"start":{"line":7,"column":19},"end":{"line":7,"column":22}},"loc":{"start":{"line":7,"column":24},"end":{"line":89,"column":1}}},"1":{"name":"(anonymous_2)","decl":{"start":{"line":12,"column":21},"end":{"line":12,"column":24}},"loc":{"start":{"line":12,"column":26},"end":{"line":14,"column":3}}},"2":{"name":"(anonymous_3)","decl":{"start":{"line":16,"column":21},"end":{"line":16,"column":24}},"loc":{"start":{"line":16,"column":26},"end":{"line":20,"column":3}}},"3":{"name":"(anonymous_4)","decl":{"start":{"line":22,"column":22},"end":{"line":22,"column":23}},"loc":{"start":{"line":22,"column":48},"end":{"line":26,"column":3}}},"4":{"name":"(anonymous_5)","decl":{"start":{"line":28,"column":31},"end":{"line":28,"column":32}},"loc":{"start":{"line":28,"column":59},"end":{"line":34,"column":3}}},"5":{"name":"(anonymous_6)","decl":{"start":{"line":60,"column":22},"end":{"line":60,"column":23}},"loc":{"start":{"line":60,"column":40},"end":{"line":75,"column":9}}},"6":{"name":"(anonymous_7)","decl":{"start":{"line":65,"column":25},"end":{"line":65,"column":28}},"loc":{"start":{"line":65,"column":30},"end":{"line":67,"column":17}}}},"branchMap":{"0":{"loc":{"start":{"line":17,"column":4},"end":{"line":19,"column":null}},"type":"if","locations":[{"start":{"line":17,"column":4},"end":{"line":19,"column":null}}]},"1":{"loc":{"start":{"line":23,"column":4},"end":{"line":25,"column":null}},"type":"if","locations":[{"start":{"line":23,"column":4},"end":{"line":25,"column":null}}]},"2":{"loc":{"start":{"line":29,"column":4},"end":{"line":33,"column":null}},"type":"if","locations":[{"start":{"line":29,"column":4},"end":{"line":33,"column":null}}]},"3":{"loc":{"start":{"line":36,"column":31},"end":{"line":36,"column":61}},"type":"binary-expr","locations":[{"start":{"line":36,"column":31},"end":{"line":36,"column":48}},{"start":{"line":36,"column":52},"end":{"line":36,"column":61}}]},"4":{"loc":{"start":{"line":37,"column":31},"end":{"line":37,"column":70}},"type":"binary-expr","locations":[{"start":{"line":37,"column":31},"end":{"line":37,"column":57}},{"start":{"line":37,"column":61},"end":{"line":37,"column":70}}]}},"s":{"0":0,"1":0,"2":0,"3":0,"4":0,"5":0,"6":0,"7":0,"8":0,"9":0,"10":0,"11":0,"12":0,"13":0,"14":0,"15":0,"16":0,"17":0,"18":0,"19":0,"20":0,"21":0,"22":0,"23":0,"24":0,"25":0,"26":0,"27":0},"f":{"0":0,"1":0,"2":0,"3":0,"4":0,"5":0,"6":0},"b":{"0":[0],"1":[0],"2":[0],"3":[0,0],"4":[0,0]}}
,"/Users/damira/Documents/react-tests-context-cross-check/rsschool-react/src/components/ReleaseCard/index.tsx": {"path":"/Users/damira/Documents/react-tests-context-cross-check/rsschool-react/src/components/ReleaseCard/index.tsx","statementMap":{"0":{"start":{"line":2,"column":0},"end":{"line":2,"column":47}},"1":{"start":{"line":8,"column":20},"end":{"line":28,"column":1}},"2":{"start":{"line":9,"column":2},"end":{"line":27,"column":4}},"3":{"start":{"line":30,"column":0},"end":{"line":30,"column":27}}},"fnMap":{"0":{"name":"(anonymous_1)","decl":{"start":{"line":8,"column":20},"end":{"line":8,"column":21}},"loc":{"start":{"line":8,"column":54},"end":{"line":28,"column":1}}}},"branchMap":{},"s":{"0":2,"1":2,"2":3,"3":2},"f":{"0":3},"b":{}}
,"/Users/damira/Documents/react-tests-context-cross-check/rsschool-react/src/components/ReleasesList/index.tsx": {"path":"/Users/damira/Documents/react-tests-context-cross-check/rsschool-react/src/components/ReleasesList/index.tsx","statementMap":{"0":{"start":{"line":1,"column":0},"end":{"line":1,"column":53}},"1":{"start":{"line":3,"column":0},"end":{"line":3,"column":41}},"2":{"start":{"line":4,"column":0},"end":{"line":4,"column":45}},"3":{"start":{"line":5,"column":0},"end":{"line":5,"column":46}},"4":{"start":{"line":6,"column":0},"end":{"line":6,"column":48}},"5":{"start":{"line":7,"column":0},"end":{"line":7,"column":50}},"6":{"start":{"line":9,"column":21},"end":{"line":38,"column":1}},"7":{"start":{"line":10,"column":30},"end":{"line":10,"column":45}},"8":{"start":{"line":11,"column":23},"end":{"line":11,"column":28}},"9":{"start":{"line":12,"column":19},"end":{"line":12,"column":32}},"10":{"start":{"line":13,"column":21},"end":{"line":13,"column":29}},"11":{"start":{"line":15,"column":22},"end":{"line":17,"column":3}},"12":{"start":{"line":16,"column":4},"end":{"line":16,"column":30}},"13":{"start":{"line":19,"column":2},"end":{"line":37,"column":4}},"14":{"start":{"line":23,"column":12},"end":{"line":24,"column":null}},"15":{"start":{"line":40,"column":0},"end":{"line":40,"column":28}}},"fnMap":{"0":{"name":"(anonymous_1)","decl":{"start":{"line":9,"column":21},"end":{"line":9,"column":24}},"loc":{"start":{"line":9,"column":26},"end":{"line":38,"column":1}}},"1":{"name":"(anonymous_2)","decl":{"start":{"line":15,"column":22},"end":{"line":15,"column":25}},"loc":{"start":{"line":15,"column":27},"end":{"line":17,"column":3}}},"2":{"name":"(anonymous_3)","decl":{"start":{"line":22,"column":23},"end":{"line":22,"column":24}},"loc":{"start":{"line":23,"column":12},"end":{"line":24,"column":null}}}},"branchMap":{"0":{"loc":{"start":{"line":21,"column":7},"end":{"line":35,"column":21}},"type":"cond-expr","locations":[{"start":{"line":22,"column":10},"end":{"line":34,"column":12}},{"start":{"line":35,"column":10},"end":{"line":35,"column":21}}]}},"s":{"0":1,"1":1,"2":1,"3":1,"4":1,"5":1,"6":1,"7":2,"8":2,"9":2,"10":2,"11":2,"12":0,"13":2,"14":2,"15":1},"f":{"0":2,"1":0,"2":2},"b":{"0":[2,0]}}
,"/Users/damira/Documents/react-tests-context-cross-check/rsschool-react/src/components/SearchBar/index.tsx": {"path":"/Users/damira/Documents/react-tests-context-cross-check/rsschool-react/src/components/SearchBar/index.tsx","statementMap":{"0":{"start":{"line":1,"column":0},"end":{"line":1,"column":57}},"1":{"start":{"line":2,"column":0},"end":{"line":2,"column":60}},"2":{"start":{"line":3,"column":0},"end":{"line":3,"column":46}},"3":{"start":{"line":4,"column":0},"end":{"line":4,"column":54}},"4":{"start":{"line":5,"column":0},"end":{"line":5,"column":45}},"5":{"start":{"line":7,"column":18},"end":{"line":41,"column":1}},"6":{"start":{"line":8,"column":23},"end":{"line":8,"column":38}},"7":{"start":{"line":9,"column":40},"end":{"line":10,"column":null}},"8":{"start":{"line":13,"column":23},"end":{"line":16,"column":3}},"9":{"start":{"line":14,"column":22},"end":{"line":14,"column":30}},"10":{"start":{"line":15,"column":4},"end":{"line":15,"column":26}},"11":{"start":{"line":18,"column":23},"end":{"line":22,"column":3}},"12":{"start":{"line":19,"column":4},"end":{"line":19,"column":23}},"13":{"start":{"line":20,"column":4},"end":{"line":20,"column":41}},"14":{"start":{"line":21,"column":4},"end":{"line":21,"column":65}},"15":{"start":{"line":24,"column":2},"end":{"line":40,"column":4}},"16":{"start":{"line":43,"column":0},"end":{"line":43,"column":25}}},"fnMap":{"0":{"name":"(anonymous_1)","decl":{"start":{"line":7,"column":18},"end":{"line":7,"column":21}},"loc":{"start":{"line":7,"column":23},"end":{"line":41,"column":1}}},"1":{"name":"(anonymous_2)","decl":{"start":{"line":13,"column":23},"end":{"line":13,"column":24}},"loc":{"start":{"line":13,"column":60},"end":{"line":16,"column":3}}},"2":{"name":"(anonymous_3)","decl":{"start":{"line":18,"column":23},"end":{"line":18,"column":24}},"loc":{"start":{"line":18,"column":57},"end":{"line":22,"column":3}}}},"branchMap":{"0":{"loc":{"start":{"line":10,"column":4},"end":{"line":10,"column":57}},"type":"binary-expr","locations":[{"start":{"line":10,"column":4},"end":{"line":10,"column":51}},{"start":{"line":10,"column":55},"end":{"line":10,"column":57}}]}},"s":{"0":1,"1":1,"2":1,"3":1,"4":1,"5":1,"6":3,"7":3,"8":3,"9":1,"10":1,"11":3,"12":1,"13":1,"14":1,"15":3,"16":1},"f":{"0":3,"1":1,"2":1},"b":{"0":[3,2]}}
,"/Users/damira/Documents/react-tests-context-cross-check/rsschool-react/src/components/Wrapper/index.tsx": {"path":"/Users/damira/Documents/react-tests-context-cross-check/rsschool-react/src/components/Wrapper/index.tsx","statementMap":{"0":{"start":{"line":2,"column":0},"end":{"line":2,"column":43}},"1":{"start":{"line":4,"column":16},"end":{"line":6,"column":1}},"2":{"start":{"line":5,"column":2},"end":{"line":5,"column":58}},"3":{"start":{"line":8,"column":0},"end":{"line":8,"column":23}}},"fnMap":{"0":{"name":"(anonymous_1)","decl":{"start":{"line":4,"column":16},"end":{"line":4,"column":17}},"loc":{"start":{"line":4,"column":48},"end":{"line":6,"column":1}}}},"branchMap":{},"s":{"0":0,"1":0,"2":0,"3":0},"f":{"0":0},"b":{}}
,"/Users/damira/Documents/react-tests-context-cross-check/rsschool-react/src/constants/index.ts": {"path":"/Users/damira/Documents/react-tests-context-cross-check/rsschool-react/src/constants/index.ts","statementMap":{"0":{"start":{"line":1,"column":13},"end":{"line":1,"column":54}},"1":{"start":{"line":2,"column":13},"end":{"line":2,"column":46}},"2":{"start":{"line":4,"column":13},"end":{"line":4,"column":34}},"3":{"start":{"line":5,"column":13},"end":{"line":5,"column":38}},"4":{"start":{"line":6,"column":13},"end":{"line":6,"column":37}}},"fnMap":{},"branchMap":{},"s":{"0":2,"1":2,"2":2,"3":2,"4":2},"f":{},"b":{}}
,"/Users/damira/Documents/react-tests-context-cross-check/rsschool-react/src/context/actions.ts": {"path":"/Users/damira/Documents/react-tests-context-cross-check/rsschool-react/src/context/actions.ts","statementMap":{"0":{"start":{"line":3,"column":0},"end":{"line":3,"column":47}},"1":{"start":{"line":5,"column":22},"end":{"line":7,"column":1}},"2":{"start":{"line":6,"column":2},"end":{"line":6,"column":51}},"3":{"start":{"line":34,"column":2},"end":{"line":34,"column":15}},"4":{"start":{"line":9,"column":23},"end":{"line":11,"column":1}},"5":{"start":{"line":10,"column":2},"end":{"line":10,"column":52}},"6":{"start":{"line":35,"column":2},"end":{"line":35,"column":16}},"7":{"start":{"line":13,"column":19},"end":{"line":15,"column":1}},"8":{"start":{"line":14,"column":2},"end":{"line":14,"column":48}},"9":{"start":{"line":36,"column":2},"end":{"line":36,"column":12}},"10":{"start":{"line":17,"column":22},"end":{"line":19,"column":1}},"11":{"start":{"line":18,"column":2},"end":{"line":18,"column":51}},"12":{"start":{"line":37,"column":2},"end":{"line":37,"column":15}},"13":{"start":{"line":21,"column":21},"end":{"line":23,"column":1}},"14":{"start":{"line":22,"column":2},"end":{"line":22,"column":50}},"15":{"start":{"line":38,"column":2},"end":{"line":38,"column":14}},"16":{"start":{"line":25,"column":18},"end":{"line":27,"column":1}},"17":{"start":{"line":26,"column":2},"end":{"line":26,"column":47}},"18":{"start":{"line":39,"column":2},"end":{"line":39,"column":11}},"19":{"start":{"line":29,"column":20},"end":{"line":31,"column":1}},"20":{"start":{"line":30,"column":2},"end":{"line":30,"column":49}},"21":{"start":{"line":40,"column":2},"end":{"line":40,"column":13}}},"fnMap":{"0":{"name":"(anonymous_0)","decl":{"start":{"line":5,"column":22},"end":{"line":5,"column":23}},"loc":{"start":{"line":5,"column":74},"end":{"line":7,"column":1}}},"1":{"name":"(anonymous_1)","decl":{"start":{"line":9,"column":23},"end":{"line":9,"column":24}},"loc":{"start":{"line":9,"column":75},"end":{"line":11,"column":1}}},"2":{"name":"(anonymous_2)","decl":{"start":{"line":13,"column":19},"end":{"line":13,"column":20}},"loc":{"start":{"line":13,"column":71},"end":{"line":15,"column":1}}},"3":{"name":"(anonymous_3)","decl":{"start":{"line":17,"column":22},"end":{"line":17,"column":23}},"loc":{"start":{"line":17,"column":74},"end":{"line":19,"column":1}}},"4":{"name":"(anonymous_4)","decl":{"start":{"line":21,"column":21},"end":{"line":21,"column":22}},"loc":{"start":{"line":21,"column":74},"end":{"line":23,"column":1}}},"5":{"name":"(anonymous_5)","decl":{"start":{"line":25,"column":18},"end":{"line":25,"column":19}},"loc":{"start":{"line":25,"column":71},"end":{"line":27,"column":1}}},"6":{"name":"(anonymous_6)","decl":{"start":{"line":29,"column":20},"end":{"line":29,"column":21}},"loc":{"start":{"line":29,"column":75},"end":{"line":31,"column":1}}}},"branchMap":{},"s":{"0":2,"1":2,"2":1,"3":2,"4":2,"5":0,"6":2,"7":2,"8":0,"9":2,"10":2,"11":0,"12":2,"13":2,"14":0,"15":2,"16":2,"17":0,"18":2,"19":2,"20":0,"21":2},"f":{"0":1,"1":0,"2":0,"3":0,"4":0,"5":0,"6":0},"b":{}}
,"/Users/damira/Documents/react-tests-context-cross-check/rsschool-react/src/context/index.tsx": {"path":"/Users/damira/Documents/react-tests-context-cross-check/rsschool-react/src/context/index.tsx","statementMap":{"0":{"start":{"line":1,"column":0},"end":{"line":1,"column":null}},"1":{"start":{"line":9,"column":0},"end":{"line":9,"column":null}},"2":{"start":{"line":16,"column":0},"end":{"line":16,"column":52}},"3":{"start":{"line":28,"column":39},"end":{"line":38,"column":2}},"4":{"start":{"line":40,"column":19},"end":{"line":46,"column":2}},"5":{"start":{"line":45,"column":18},"end":{"line":45,"column":22}},"6":{"start":{"line":49,"column":29},"end":{"line":55,"column":1}},"7":{"start":{"line":50,"column":18},"end":{"line":50,"column":40}},"8":{"start":{"line":51,"column":2},"end":{"line":53,"column":null}},"9":{"start":{"line":52,"column":4},"end":{"line":52,"column":71}},"10":{"start":{"line":54,"column":2},"end":{"line":54,"column":17}},"11":{"start":{"line":49,"column":13},"end":{"line":49,"column":29}},"12":{"start":{"line":57,"column":27},"end":{"line":74,"column":1}},"13":{"start":{"line":64,"column":28},"end":{"line":67,"column":4}},"14":{"start":{"line":69,"column":2},"end":{"line":73,"column":4}},"15":{"start":{"line":76,"column":0},"end":{"line":76,"column":34}}},"fnMap":{"0":{"name":"(anonymous_0)","decl":{"start":{"line":45,"column":12},"end":{"line":45,"column":15}},"loc":{"start":{"line":45,"column":18},"end":{"line":45,"column":22}}},"1":{"name":"(anonymous_1)","decl":{"start":{"line":49,"column":29},"end":{"line":49,"column":32}},"loc":{"start":{"line":49,"column":34},"end":{"line":55,"column":1}}},"2":{"name":"(anonymous_2)","decl":{"start":{"line":57,"column":27},"end":{"line":57,"column":28}},"loc":{"start":{"line":63,"column":5},"end":{"line":74,"column":1}}}},"branchMap":{"0":{"loc":{"start":{"line":29,"column":14},"end":{"line":29,"column":67}},"type":"binary-expr","locations":[{"start":{"line":29,"column":14},"end":{"line":29,"column":61}},{"start":{"line":29,"column":65},"end":{"line":29,"column":67}}]},"1":{"loc":{"start":{"line":33,"column":10},"end":{"line":35,"column":11}},"type":"cond-expr","locations":[{"start":{"line":34,"column":6},"end":{"line":34,"column":62}},{"start":{"line":35,"column":6},"end":{"line":35,"column":11}}]},"2":{"loc":{"start":{"line":51,"column":2},"end":{"line":53,"column":null}},"type":"if","locations":[{"start":{"line":51,"column":2},"end":{"line":53,"column":null}}]}},"s":{"0":2,"1":2,"2":2,"3":2,"4":2,"5":1,"6":2,"7":5,"8":5,"9":0,"10":5,"11":2,"12":2,"13":2,"14":2,"15":2},"f":{"0":1,"1":5,"2":2},"b":{"0":[2,2],"1":[0,2],"2":[0]}}
,"/Users/damira/Documents/react-tests-context-cross-check/rsschool-react/src/context/reducers.ts": {"path":"/Users/damira/Documents/react-tests-context-cross-check/rsschool-react/src/context/reducers.ts","statementMap":{"0":{"start":{"line":4,"column":0},"end":{"line":4,"column":null}},"1":{"start":{"line":5,"column":2},"end":{"line":5,"column":null}},"2":{"start":{"line":6,"column":2},"end":{"line":6,"column":null}},"3":{"start":{"line":7,"column":2},"end":{"line":7,"column":null}},"4":{"start":{"line":8,"column":2},"end":{"line":8,"column":null}},"5":{"start":{"line":9,"column":2},"end":{"line":9,"column":null}},"6":{"start":{"line":10,"column":2},"end":{"line":10,"column":null}},"7":{"start":{"line":11,"column":2},"end":{"line":11,"column":null}},"8":{"start":{"line":23,"column":19},"end":{"line":50,"column":1}},"9":{"start":{"line":24,"column":2},"end":{"line":49,"column":null}},"10":{"start":{"line":26,"column":6},"end":{"line":26,"column":54}},"11":{"start":{"line":29,"column":6},"end":{"line":29,"column":55}},"12":{"start":{"line":32,"column":6},"end":{"line":32,"column":51}},"13":{"start":{"line":35,"column":6},"end":{"line":35,"column":54}},"14":{"start":{"line":38,"column":6},"end":{"line":38,"column":50}},"15":{"start":{"line":41,"column":6},"end":{"line":41,"column":53}},"16":{"start":{"line":44,"column":6},"end":{"line":44,"column":52}},"17":{"start":{"line":47,"column":6},"end":{"line":47,"column":19}},"18":{"start":{"line":52,"column":9},"end":{"line":52,"column":19}}},"fnMap":{"0":{"name":"(anonymous_0)","decl":{"start":{"line":4,"column":0},"end":{"line":4,"column":12}},"loc":{"start":{"line":4,"column":17},"end":{"line":12,"column":1}}},"1":{"name":"(anonymous_1)","decl":{"start":{"line":23,"column":19},"end":{"line":23,"column":20}},"loc":{"start":{"line":23,"column":67},"end":{"line":50,"column":1}}}},"branchMap":{"0":{"loc":{"start":{"line":4,"column":12},"end":{"line":4,"column":null}},"type":"binary-expr","locations":[{"start":{"line":4,"column":12},"end":{"line":4,"column":17}},{"start":{"line":4,"column":17},"end":{"line":4,"column":null}}]},"1":{"loc":{"start":{"line":24,"column":2},"end":{"line":49,"column":null}},"type":"switch","locations":[{"start":{"line":25,"column":4},"end":{"line":27,"column":null}},{"start":{"line":28,"column":4},"end":{"line":30,"column":null}},{"start":{"line":31,"column":4},"end":{"line":33,"column":null}},{"start":{"line":34,"column":4},"end":{"line":36,"column":null}},{"start":{"line":37,"column":4},"end":{"line":39,"column":null}},{"start":{"line":40,"column":4},"end":{"line":42,"column":null}},{"start":{"line":43,"column":4},"end":{"line":45,"column":null}},{"start":{"line":46,"column":4},"end":{"line":48,"column":null}}]}},"s":{"0":2,"1":2,"2":2,"3":2,"4":2,"5":2,"6":2,"7":2,"8":2,"9":0,"10":0,"11":0,"12":0,"13":0,"14":0,"15":0,"16":0,"17":0,"18":2},"f":{"0":2,"1":0},"b":{"0":[2,2],"1":[0,0,0,0,0,0,0,0]}}
,"/Users/damira/Documents/react-tests-context-cross-check/rsschool-react/src/helpers/createQuery.ts": {"path":"/Users/damira/Documents/react-tests-context-cross-check/rsschool-react/src/helpers/createQuery.ts","statementMap":{"0":{"start":{"line":1,"column":27},"end":{"line":16,"column":1}},"1":{"start":{"line":6,"column":22},"end":{"line":13,"column":4}},"2":{"start":{"line":15,"column":2},"end":{"line":15,"column":21}},"3":{"start":{"line":1,"column":13},"end":{"line":1,"column":27}}},"fnMap":{"0":{"name":"(anonymous_0)","decl":{"start":{"line":1,"column":27},"end":{"line":1,"column":null}},"loc":{"start":{"line":5,"column":21},"end":{"line":16,"column":1}}}},"branchMap":{},"s":{"0":0,"1":0,"2":0,"3":0},"f":{"0":0},"b":{}}
,"/Users/damira/Documents/react-tests-context-cross-check/rsschool-react/src/helpers/generatePaginationItems.ts": {"path":"/Users/damira/Documents/react-tests-context-cross-check/rsschool-react/src/helpers/generatePaginationItems.ts","statementMap":{"0":{"start":{"line":5,"column":2},"end":{"line":7,"column":null}},"1":{"start":{"line":6,"column":4},"end":{"line":6,"column":63}},"2":{"start":{"line":6,"column":56},"end":{"line":6,"column":61}},"3":{"start":{"line":9,"column":17},"end":{"line":9,"column":64}},"4":{"start":{"line":10,"column":42},"end":{"line":11,"column":null}},"5":{"start":{"line":11,"column":16},"end":{"line":11,"column":45}},"6":{"start":{"line":13,"column":23},"end":{"line":13,"column":40}},"7":{"start":{"line":14,"column":24},"end":{"line":14,"column":50}},"8":{"start":{"line":15,"column":22},"end":{"line":15,"column":37}},"9":{"start":{"line":16,"column":23},"end":{"line":16,"column":51}},"10":{"start":{"line":18,"column":2},"end":{"line":18,"column":47}},"11":{"start":{"line":18,"column":24},"end":{"line":18,"column":47}},"12":{"start":{"line":19,"column":2},"end":{"line":19,"column":64}},"13":{"start":{"line":19,"column":25},"end":{"line":19,"column":64}},"14":{"start":{"line":21,"column":2},"end":{"line":21,"column":53}},"15":{"start":{"line":21,"column":23},"end":{"line":21,"column":53}},"16":{"start":{"line":22,"column":2},"end":{"line":22,"column":51}},"17":{"start":{"line":22,"column":24},"end":{"line":22,"column":51}},"18":{"start":{"line":24,"column":2},"end":{"line":24,"column":44}},"19":{"start":{"line":1,"column":0},"end":{"line":1,"column":16}}},"fnMap":{"0":{"name":"generatePaginationItems","decl":{"start":{"line":1,"column":16},"end":{"line":1,"column":39}},"loc":{"start":{"line":3,"column":20},"end":{"line":25,"column":1}}},"1":{"name":"(anonymous_1)","decl":{"start":{"line":6,"column":46},"end":{"line":6,"column":47}},"loc":{"start":{"line":6,"column":56},"end":{"line":6,"column":61}}},"2":{"name":"(anonymous_2)","decl":{"start":{"line":11,"column":6},"end":{"line":11,"column":7}},"loc":{"start":{"line":11,"column":16},"end":{"line":11,"column":45}}}},"branchMap":{"0":{"loc":{"start":{"line":5,"column":2},"end":{"line":7,"column":null}},"type":"if","locations":[{"start":{"line":5,"column":2},"end":{"line":7,"column":null}}]},"1":{"loc":{"start":{"line":11,"column":16},"end":{"line":11,"column":45}},"type":"binary-expr","locations":[{"start":{"line":11,"column":16},"end":{"line":11,"column":24}},{"start":{"line":11,"column":28},"end":{"line":11,"column":45}}]},"2":{"loc":{"start":{"line":18,"column":2},"end":{"line":18,"column":47}},"type":"if","locations":[{"start":{"line":18,"column":2},"end":{"line":18,"column":47}}]},"3":{"loc":{"start":{"line":19,"column":2},"end":{"line":19,"column":64}},"type":"if","locations":[{"start":{"line":19,"column":2},"end":{"line":19,"column":64}}]},"4":{"loc":{"start":{"line":21,"column":2},"end":{"line":21,"column":53}},"type":"if","locations":[{"start":{"line":21,"column":2},"end":{"line":21,"column":53}}]},"5":{"loc":{"start":{"line":22,"column":2},"end":{"line":22,"column":51}},"type":"if","locations":[{"start":{"line":22,"column":2},"end":{"line":22,"column":51}}]}},"s":{"0":0,"1":0,"2":0,"3":0,"4":0,"5":0,"6":0,"7":0,"8":0,"9":0,"10":0,"11":0,"12":0,"13":0,"14":0,"15":0,"16":0,"17":0,"18":0,"19":0},"f":{"0":0,"1":0,"2":0},"b":{"0":[0],"1":[0,0],"2":[0],"3":[0],"4":[0],"5":[0]}}
,"/Users/damira/Documents/react-tests-context-cross-check/rsschool-react/src/pages/MainPage/index.tsx": {"path":"/Users/damira/Documents/react-tests-context-cross-check/rsschool-react/src/pages/MainPage/index.tsx","statementMap":{"0":{"start":{"line":1,"column":0},"end":{"line":1,"column":34}},"1":{"start":{"line":2,"column":0},"end":{"line":2,"column":51}},"2":{"start":{"line":3,"column":0},"end":{"line":3,"column":45}},"3":{"start":{"line":4,"column":0},"end":{"line":4,"column":41}},"4":{"start":{"line":5,"column":0},"end":{"line":5,"column":53}},"5":{"start":{"line":6,"column":0},"end":{"line":6,"column":58}},"6":{"start":{"line":7,"column":0},"end":{"line":7,"column":46}},"7":{"start":{"line":8,"column":0},"end":{"line":8,"column":null}},"8":{"start":{"line":15,"column":0},"end":{"line":15,"column":44}},"9":{"start":{"line":17,"column":17},"end":{"line":59,"column":1}},"10":{"start":{"line":18,"column":30},"end":{"line":18,"column":47}},"11":{"start":{"line":19,"column":30},"end":{"line":19,"column":45}},"12":{"start":{"line":20,"column":68},"end":{"line":20,"column":73}},"13":{"start":{"line":22,"column":22},"end":{"line":47,"column":3}},"14":{"start":{"line":23,"column":4},"end":{"line":23,"column":33}},"15":{"start":{"line":25,"column":4},"end":{"line":46,"column":null}},"16":{"start":{"line":26,"column":38},"end":{"line":29,"column":null}},"17":{"start":{"line":32,"column":6},"end":{"line":32,"column":43}},"18":{"start":{"line":33,"column":6},"end":{"line":33,"column":48}},"19":{"start":{"line":34,"column":6},"end":{"line":34,"column":48}},"20":{"start":{"line":35,"column":6},"end":{"line":35,"column":48}},"21":{"start":{"line":37,"column":6},"end":{"line":41,"column":9}},"22":{"start":{"line":43,"column":6},"end":{"line":43,"column":27}},"23":{"start":{"line":45,"column":6},"end":{"line":45,"column":36}},"24":{"start":{"line":49,"column":2},"end":{"line":51,"column":41}},"25":{"start":{"line":50,"column":4},"end":{"line":50,"column":18}},"26":{"start":{"line":53,"column":2},"end":{"line":58,"column":4}},"27":{"start":{"line":61,"column":0},"end":{"line":61,"column":24}}},"fnMap":{"0":{"name":"(anonymous_1)","decl":{"start":{"line":17,"column":17},"end":{"line":17,"column":20}},"loc":{"start":{"line":17,"column":22},"end":{"line":59,"column":1}}},"1":{"name":"(anonymous_2)","decl":{"start":{"line":22,"column":22},"end":{"line":22,"column":27}},"loc":{"start":{"line":22,"column":33},"end":{"line":47,"column":3}}},"2":{"name":"(anonymous_3)","decl":{"start":{"line":49,"column":12},"end":{"line":49,"column":15}},"loc":{"start":{"line":49,"column":17},"end":{"line":51,"column":3}}}},"branchMap":{"0":{"loc":{"start":{"line":32,"column":28},"end":{"line":32,"column":41}},"type":"binary-expr","locations":[{"start":{"line":32,"column":28},"end":{"line":32,"column":35}},{"start":{"line":32,"column":39},"end":{"line":32,"column":41}}]},"1":{"loc":{"start":{"line":56,"column":7},"end":{"line":56,"column":66}},"type":"cond-expr","locations":[{"start":{"line":56,"column":41},"end":{"line":56,"column":55}},{"start":{"line":56,"column":58},"end":{"line":56,"column":66}}]},"2":{"loc":{"start":{"line":56,"column":9},"end":{"line":56,"column":37}},"type":"binary-expr","locations":[{"start":{"line":56,"column":9},"end":{"line":56,"column":18}},{"start":{"line":56,"column":22},"end":{"line":56,"column":37}}]}},"s":{"0":0,"1":0,"2":0,"3":0,"4":0,"5":0,"6":0,"7":0,"8":0,"9":0,"10":0,"11":0,"12":0,"13":0,"14":0,"15":0,"16":0,"17":0,"18":0,"19":0,"20":0,"21":0,"22":0,"23":0,"24":0,"25":0,"26":0,"27":0},"f":{"0":0,"1":0,"2":0},"b":{"0":[0,0],"1":[0,0],"2":[0,0]}}
,"/Users/damira/Documents/react-tests-context-cross-check/rsschool-react/src/pages/NotFoundPage/index.tsx": {"path":"/Users/damira/Documents/react-tests-context-cross-check/rsschool-react/src/pages/NotFoundPage/index.tsx","statementMap":{"0":{"start":{"line":1,"column":0},"end":{"line":1,"column":48}},"1":{"start":{"line":3,"column":21},"end":{"line":10,"column":1}},"2":{"start":{"line":4,"column":2},"end":{"line":9,"column":4}},"3":{"start":{"line":12,"column":0},"end":{"line":12,"column":28}}},"fnMap":{"0":{"name":"(anonymous_1)","decl":{"start":{"line":3,"column":21},"end":{"line":3,"column":24}},"loc":{"start":{"line":3,"column":26},"end":{"line":10,"column":1}}}},"branchMap":{},"s":{"0":0,"1":0,"2":0,"3":0},"f":{"0":0},"b":{}}
,"/Users/damira/Documents/react-tests-context-cross-check/rsschool-react/src/router/index.tsx": {"path":"/Users/damira/Documents/react-tests-context-cross-check/rsschool-react/src/router/index.tsx","statementMap":{"0":{"start":{"line":1,"column":0},"end":{"line":1,"column":55}},"1":{"start":{"line":2,"column":0},"end":{"line":2,"column":25}},"2":{"start":{"line":3,"column":0},"end":{"line":3,"column":68}},"3":{"start":{"line":4,"column":0},"end":{"line":4,"column":44}},"4":{"start":{"line":5,"column":0},"end":{"line":5,"column":34}},"5":{"start":{"line":6,"column":0},"end":{"line":6,"column":49}},"6":{"start":{"line":8,"column":15},"end":{"line":26,"column":2}},"7":{"start":{"line":28,"column":0},"end":{"line":28,"column":22}}},"fnMap":{},"branchMap":{},"s":{"0":0,"1":0,"2":0,"3":0,"4":0,"5":0,"6":0,"7":0},"f":{},"b":{}}
,"/Users/damira/Documents/react-tests-context-cross-check/rsschool-react/src/router/routes.ts": {"path":"/Users/damira/Documents/react-tests-context-cross-check/rsschool-react/src/router/routes.ts","statementMap":{"0":{"start":{"line":1,"column":0},"end":{"line":1,"column":null}},"1":{"start":{"line":2,"column":2},"end":{"line":2,"column":null}},"2":{"start":{"line":3,"column":2},"end":{"line":3,"column":null}},"3":{"start":{"line":4,"column":2},"end":{"line":4,"column":null}}},"fnMap":{"0":{"name":"(anonymous_0)","decl":{"start":{"line":1,"column":0},"end":{"line":1,"column":18}},"loc":{"start":{"line":1,"column":24},"end":{"line":5,"column":1}}}},"branchMap":{"0":{"loc":{"start":{"line":1,"column":18},"end":{"line":1,"column":null}},"type":"binary-expr","locations":[{"start":{"line":1,"column":18},"end":{"line":1,"column":24}},{"start":{"line":1,"column":24},"end":{"line":1,"column":null}}]}},"s":{"0":2,"1":2,"2":2,"3":2},"f":{"0":2},"b":{"0":[2,2]}}
,"/Users/damira/Documents/react-tests-context-cross-check/rsschool-react/src/services/apiService.ts": {"path":"/Users/damira/Documents/react-tests-context-cross-check/rsschool-react/src/services/apiService.ts","statementMap":{"0":{"start":{"line":1,"column":0},"end":{"line":1,"column":53}},"1":{"start":{"line":4,"column":45},"end":{"line":4,"column":56}},"2":{"start":{"line":6,"column":29},"end":{"line":30,"column":1}},"3":{"start":{"line":11,"column":2},"end":{"line":29,"column":null}},"4":{"start":{"line":12,"column":24},"end":{"line":12,"column":69}},"5":{"start":{"line":14,"column":21},"end":{"line":18,"column":6}},"6":{"start":{"line":20,"column":4},"end":{"line":22,"column":null}},"7":{"start":{"line":21,"column":6},"end":{"line":21,"column":64}},"8":{"start":{"line":24,"column":35},"end":{"line":24,"column":56}},"9":{"start":{"line":25,"column":4},"end":{"line":25,"column":16}},"10":{"start":{"line":27,"column":4},"end":{"line":27,"column":25}},"11":{"start":{"line":28,"column":4},"end":{"line":28,"column":16}},"12":{"start":{"line":6,"column":13},"end":{"line":6,"column":29}},"13":{"start":{"line":32,"column":34},"end":{"line":46,"column":1}},"14":{"start":{"line":33,"column":2},"end":{"line":45,"column":null}},"15":{"start":{"line":34,"column":21},"end":{"line":34,"column":61}},"16":{"start":{"line":36,"column":4},"end":{"line":38,"column":null}},"17":{"start":{"line":37,"column":6},"end":{"line":37,"column":64}},"18":{"start":{"line":40,"column":17},"end":{"line":40,"column":38}},"19":{"start":{"line":41,"column":4},"end":{"line":41,"column":16}},"20":{"start":{"line":43,"column":4},"end":{"line":43,"column":25}},"21":{"start":{"line":44,"column":4},"end":{"line":44,"column":16}},"22":{"start":{"line":32,"column":13},"end":{"line":32,"column":34}}},"fnMap":{"0":{"name":"(anonymous_0)","decl":{"start":{"line":6,"column":29},"end":{"line":6,"column":34}},"loc":{"start":{"line":10,"column":4},"end":{"line":30,"column":1}}},"1":{"name":"(anonymous_1)","decl":{"start":{"line":32,"column":34},"end":{"line":32,"column":39}},"loc":{"start":{"line":32,"column":55},"end":{"line":46,"column":1}}}},"branchMap":{"0":{"loc":{"start":{"line":20,"column":4},"end":{"line":22,"column":null}},"type":"if","locations":[{"start":{"line":20,"column":4},"end":{"line":22,"column":null}}]},"1":{"loc":{"start":{"line":36,"column":4},"end":{"line":38,"column":null}},"type":"if","locations":[{"start":{"line":36,"column":4},"end":{"line":38,"column":null}}]}},"s":{"0":0,"1":0,"2":0,"3":0,"4":0,"5":0,"6":0,"7":0,"8":0,"9":0,"10":0,"11":0,"12":0,"13":0,"14":0,"15":0,"16":0,"17":0,"18":0,"19":0,"20":0,"21":0,"22":0},"f":{"0":0,"1":0},"b":{"0":[0],"1":[0]}}
}
